2024-03-26 15:16:35,426 [INFO] django.utils.autoreload: Watching for file changes with StatReloader
2024-03-26 15:16:54,374 [WARNING] django.request: Method Not Allowed: /user/login/
2024-03-26 15:16:54,375 [WARNING] django.server: "GET /user/login/ HTTP/1.1" 405 53
2024-03-26 15:17:17,435 [WARNING] django.request: Not Found: /user/get_bookings
2024-03-26 15:17:17,435 [WARNING] django.server: "GET /user/get_bookings HTTP/1.1" 404 1275
2024-03-26 15:17:39,916 [INFO] django.server: "GET /get_bookings HTTP/1.1" 301 0
2024-03-26 15:17:40,081 [WARNING] django.request: Unauthorized: /get_bookings/
2024-03-26 15:17:40,081 [WARNING] django.server: "GET /get_bookings/ HTTP/1.1" 401 1520
2024-03-26 15:17:40,374 [INFO] django.server: "GET /static/rest_framework/css/bootstrap.min.css HTTP/1.1" 200 121457
2024-03-26 15:17:40,375 [INFO] django.server: "GET /static/rest_framework/css/bootstrap-tweaks.css HTTP/1.1" 200 3385
2024-03-26 15:17:40,375 [INFO] django.server: "GET /static/rest_framework/css/default.css HTTP/1.1" 200 1152
2024-03-26 15:17:40,375 [INFO] django.server: "GET /static/rest_framework/css/prettify.css HTTP/1.1" 200 817
2024-03-26 15:17:40,412 [INFO] django.server: "GET /static/rest_framework/js/default.js HTTP/1.1" 200 1268
2024-03-26 15:17:40,412 [INFO] django.server: "GET /static/rest_framework/js/csrf.js HTTP/1.1" 200 1719
2024-03-26 15:17:40,412 [INFO] django.server: "GET /static/rest_framework/js/ajax-form.js HTTP/1.1" 200 3597
2024-03-26 15:17:40,429 [INFO] django.server: "GET /static/rest_framework/img/grid.png HTTP/1.1" 200 1458
2024-03-26 15:17:40,432 [INFO] django.server: "GET /static/rest_framework/js/prettify-min.js HTTP/1.1" 200 13632
2024-03-26 15:17:40,437 [INFO] django.server: "GET /static/rest_framework/js/bootstrap.min.js HTTP/1.1" 200 39680
2024-03-26 15:17:40,457 [INFO] django.server: "GET /static/rest_framework/js/jquery-3.5.1.min.js HTTP/1.1" 200 89476
2024-03-26 15:18:25,185 [WARNING] django.request: Not Found: /aarawe/
2024-03-26 15:18:25,186 [WARNING] django.server: "GET /aarawe/ HTTP/1.1" 404 1079
2024-03-26 15:21:32,060 [INFO] django.server: "GET /swagger/ HTTP/1.1" 200 699
2024-03-26 15:21:32,304 [INFO] django.server: "GET /static/drf-yasg/style.css HTTP/1.1" 200 1047
2024-03-26 15:21:32,319 [INFO] django.server: "GET /static/drf-yasg/swagger-ui-dist/swagger-ui.css HTTP/1.1" 200 145206
2024-03-26 15:21:32,328 [INFO] django.server: "GET /static/drf-yasg/insQ.min.js HTTP/1.1" 200 2093
2024-03-26 15:21:32,341 [INFO] django.server: "GET /static/drf-yasg/swagger-ui-init.js HTTP/1.1" 200 14964
2024-03-26 15:21:32,353 [INFO] django.server: "GET /static/drf-yasg/immutable.min.js HTTP/1.1" 200 56904
2024-03-26 15:21:32,357 [INFO] django.server: "GET /static/drf-yasg/swagger-ui-dist/swagger-ui-bundle.js HTTP/1.1" 200 1046583
2024-03-26 15:21:32,423 [INFO] django.server: "GET /static/drf-yasg/swagger-ui-dist/swagger-ui-standalone-preset.js HTTP/1.1" 200 322863
2024-03-26 15:21:32,660 [INFO] django.server: "GET /swagger/?format=openapi HTTP/1.1" 200 1103
2024-03-26 15:21:33,180 [INFO] django.server: "GET /static/drf-yasg/swagger-ui-dist/favicon-32x32.png HTTP/1.1" 200 628
